  雷霆战机.cpp
D:\Program Files\Microsoft Visual Studio\source\雷霆战机\雷霆战机\雷霆战机.cpp(93,25): warning C4018: “>”: 有符号/无符号不匹配
D:\Program Files\Microsoft Visual Studio\source\雷霆战机\雷霆战机\雷霆战机.cpp(109,25): warning C4018: “>”: 有符号/无符号不匹配
D:\Program Files\Microsoft Visual Studio\source\雷霆战机\雷霆战机\雷霆战机.cpp(215,12): warning C4244: “初始化”: 从“double”转换到“int”，可能丢失数据
D:\Program Files\Microsoft Visual Studio\source\雷霆战机\雷霆战机\雷霆战机.cpp(607,51): warning C4244: “参数”: 从“double”转换到“int”，可能丢失数据
D:\Program Files\Microsoft Visual Studio\source\雷霆战机\雷霆战机\雷霆战机.cpp(607,38): warning C4244: “参数”: 从“double”转换到“int”，可能丢失数据
D:\Program Files\Microsoft Visual Studio\source\雷霆战机\雷霆战机\雷霆战机.cpp(1176,109): warning C4244: “参数”: 从“double”转换到“int”，可能丢失数据
D:\Program Files\Microsoft Visual Studio\source\雷霆战机\雷霆战机\雷霆战机.cpp(1176,90): warning C4244: “参数”: 从“double”转换到“int”，可能丢失数据
D:\Program Files\Microsoft Visual Studio\source\雷霆战机\雷霆战机\雷霆战机.cpp(1183,13): warning C4996: 'fopen': This function or variable may be unsafe. Consider using fopen_s instead. To disable deprecation, use _CRT_SECURE_NO_WARNINGS. See online help for details.
D:\Program Files\Microsoft Visual Studio\source\雷霆战机\雷霆战机\雷霆战机.cpp(1186,43): warning C4996: 'strerror': This function or variable may be unsafe. Consider using strerror_s instead. To disable deprecation, use _CRT_SECURE_NO_WARNINGS. See online help for details.
D:\Program Files\Microsoft Visual Studio\source\雷霆战机\雷霆战机\雷霆战机.cpp(1198,7): warning C4996: 'sscanf': This function or variable may be unsafe. Consider using sscanf_s instead. To disable deprecation, use _CRT_SECURE_NO_WARNINGS. See online help for details.
D:\Program Files\Microsoft Visual Studio\source\雷霆战机\雷霆战机\雷霆战机.cpp(1204,8): warning C4996: 'sscanf': This function or variable may be unsafe. Consider using sscanf_s instead. To disable deprecation, use _CRT_SECURE_NO_WARNINGS. See online help for details.
D:\Program Files\Microsoft Visual Studio\source\雷霆战机\雷霆战机\雷霆战机.cpp(1209,8): warning C4996: 'sscanf': This function or variable may be unsafe. Consider using sscanf_s instead. To disable deprecation, use _CRT_SECURE_NO_WARNINGS. See online help for details.
D:\Program Files\Microsoft Visual Studio\source\雷霆战机\雷霆战机\雷霆战机.cpp(1214,8): warning C4996: 'sscanf': This function or variable may be unsafe. Consider using sscanf_s instead. To disable deprecation, use _CRT_SECURE_NO_WARNINGS. See online help for details.
D:\Program Files\Microsoft Visual Studio\source\雷霆战机\雷霆战机\雷霆战机.cpp(1219,8): warning C4996: 'sscanf': This function or variable may be unsafe. Consider using sscanf_s instead. To disable deprecation, use _CRT_SECURE_NO_WARNINGS. See online help for details.
D:\Program Files\Microsoft Visual Studio\source\雷霆战机\雷霆战机\雷霆战机.cpp(1224,8): warning C4996: 'sscanf': This function or variable may be unsafe. Consider using sscanf_s instead. To disable deprecation, use _CRT_SECURE_NO_WARNINGS. See online help for details.
D:\Program Files\Microsoft Visual Studio\source\雷霆战机\雷霆战机\雷霆战机.cpp(1229,8): warning C4996: 'sscanf': This function or variable may be unsafe. Consider using sscanf_s instead. To disable deprecation, use _CRT_SECURE_NO_WARNINGS. See online help for details.
D:\Program Files\Microsoft Visual Studio\source\雷霆战机\雷霆战机\雷霆战机.cpp(1234,8): warning C4996: 'sscanf': This function or variable may be unsafe. Consider using sscanf_s instead. To disable deprecation, use _CRT_SECURE_NO_WARNINGS. See online help for details.
D:\Program Files\Microsoft Visual Studio\source\雷霆战机\雷霆战机\雷霆战机.cpp(1239,8): warning C4996: 'sscanf': This function or variable may be unsafe. Consider using sscanf_s instead. To disable deprecation, use _CRT_SECURE_NO_WARNINGS. See online help for details.
D:\Program Files\Microsoft Visual Studio\source\雷霆战机\雷霆战机\雷霆战机.cpp(1244,8): warning C4996: 'sscanf': This function or variable may be unsafe. Consider using sscanf_s instead. To disable deprecation, use _CRT_SECURE_NO_WARNINGS. See online help for details.
D:\Program Files\Microsoft Visual Studio\source\雷霆战机\雷霆战机\雷霆战机.cpp(1249,8): warning C4996: 'sscanf': This function or variable may be unsafe. Consider using sscanf_s instead. To disable deprecation, use _CRT_SECURE_NO_WARNINGS. See online help for details.
D:\Program Files\Microsoft Visual Studio\source\雷霆战机\雷霆战机\雷霆战机.cpp(1255,7): warning C4996: 'sscanf': This function or variable may be unsafe. Consider using sscanf_s instead. To disable deprecation, use _CRT_SECURE_NO_WARNINGS. See online help for details.
D:\Program Files\Microsoft Visual Studio\source\雷霆战机\雷霆战机\雷霆战机.cpp(1265,9): warning C4996: 'sscanf': This function or variable may be unsafe. Consider using sscanf_s instead. To disable deprecation, use _CRT_SECURE_NO_WARNINGS. See online help for details.
D:\Program Files\Microsoft Visual Studio\source\雷霆战机\雷霆战机\雷霆战机.cpp(1270,9): warning C4996: 'sscanf': This function or variable may be unsafe. Consider using sscanf_s instead. To disable deprecation, use _CRT_SECURE_NO_WARNINGS. See online help for details.
D:\Program Files\Microsoft Visual Studio\source\雷霆战机\雷霆战机\雷霆战机.cpp(1275,9): warning C4996: 'sscanf': This function or variable may be unsafe. Consider using sscanf_s instead. To disable deprecation, use _CRT_SECURE_NO_WARNINGS. See online help for details.
D:\Program Files\Microsoft Visual Studio\source\雷霆战机\雷霆战机\雷霆战机.cpp(1280,9): warning C4996: 'sscanf': This function or variable may be unsafe. Consider using sscanf_s instead. To disable deprecation, use _CRT_SECURE_NO_WARNINGS. See online help for details.
D:\Program Files\Microsoft Visual Studio\source\雷霆战机\雷霆战机\雷霆战机.cpp(1285,9): warning C4996: 'sscanf': This function or variable may be unsafe. Consider using sscanf_s instead. To disable deprecation, use _CRT_SECURE_NO_WARNINGS. See online help for details.
D:\Program Files\Microsoft Visual Studio\source\雷霆战机\雷霆战机\雷霆战机.cpp(1292,7): warning C4996: 'sscanf': This function or variable may be unsafe. Consider using sscanf_s instead. To disable deprecation, use _CRT_SECURE_NO_WARNINGS. See online help for details.
D:\Program Files\Microsoft Visual Studio\source\雷霆战机\雷霆战机\雷霆战机.cpp(1302,9): warning C4996: 'sscanf': This function or variable may be unsafe. Consider using sscanf_s instead. To disable deprecation, use _CRT_SECURE_NO_WARNINGS. See online help for details.
D:\Program Files\Microsoft Visual Studio\source\雷霆战机\雷霆战机\雷霆战机.cpp(1307,9): warning C4996: 'sscanf': This function or variable may be unsafe. Consider using sscanf_s instead. To disable deprecation, use _CRT_SECURE_NO_WARNINGS. See online help for details.
D:\Program Files\Microsoft Visual Studio\source\雷霆战机\雷霆战机\雷霆战机.cpp(1312,9): warning C4996: 'sscanf': This function or variable may be unsafe. Consider using sscanf_s instead. To disable deprecation, use _CRT_SECURE_NO_WARNINGS. See online help for details.
D:\Program Files\Microsoft Visual Studio\source\雷霆战机\雷霆战机\雷霆战机.cpp(1317,9): warning C4996: 'sscanf': This function or variable may be unsafe. Consider using sscanf_s instead. To disable deprecation, use _CRT_SECURE_NO_WARNINGS. See online help for details.
D:\Program Files\Microsoft Visual Studio\source\雷霆战机\雷霆战机\雷霆战机.cpp(1322,9): warning C4996: 'sscanf': This function or variable may be unsafe. Consider using sscanf_s instead. To disable deprecation, use _CRT_SECURE_NO_WARNINGS. See online help for details.
D:\Program Files\Microsoft Visual Studio\source\雷霆战机\雷霆战机\雷霆战机.cpp(1327,9): warning C4996: 'sscanf': This function or variable may be unsafe. Consider using sscanf_s instead. To disable deprecation, use _CRT_SECURE_NO_WARNINGS. See online help for details.
D:\Program Files\Microsoft Visual Studio\source\雷霆战机\雷霆战机\雷霆战机.cpp(1334,7): warning C4996: 'sscanf': This function or variable may be unsafe. Consider using sscanf_s instead. To disable deprecation, use _CRT_SECURE_NO_WARNINGS. See online help for details.
D:\Program Files\Microsoft Visual Studio\source\雷霆战机\雷霆战机\雷霆战机.cpp(1346,10): warning C4996: 'sscanf': This function or variable may be unsafe. Consider using sscanf_s instead. To disable deprecation, use _CRT_SECURE_NO_WARNINGS. See online help for details.
D:\Program Files\Microsoft Visual Studio\source\雷霆战机\雷霆战机\雷霆战机.cpp(1351,10): warning C4996: 'sscanf': This function or variable may be unsafe. Consider using sscanf_s instead. To disable deprecation, use _CRT_SECURE_NO_WARNINGS. See online help for details.
D:\Program Files\Microsoft Visual Studio\source\雷霆战机\雷霆战机\雷霆战机.cpp(1356,10): warning C4996: 'sscanf': This function or variable may be unsafe. Consider using sscanf_s instead. To disable deprecation, use _CRT_SECURE_NO_WARNINGS. See online help for details.
D:\Program Files\Microsoft Visual Studio\source\雷霆战机\雷霆战机\雷霆战机.cpp(1361,10): warning C4996: 'sscanf': This function or variable may be unsafe. Consider using sscanf_s instead. To disable deprecation, use _CRT_SECURE_NO_WARNINGS. See online help for details.
D:\Program Files\Microsoft Visual Studio\source\雷霆战机\雷霆战机\雷霆战机.cpp(1366,10): warning C4996: 'sscanf': This function or variable may be unsafe. Consider using sscanf_s instead. To disable deprecation, use _CRT_SECURE_NO_WARNINGS. See online help for details.
D:\Program Files\Microsoft Visual Studio\source\雷霆战机\雷霆战机\雷霆战机.cpp(1374,7): warning C4996: 'sscanf': This function or variable may be unsafe. Consider using sscanf_s instead. To disable deprecation, use _CRT_SECURE_NO_WARNINGS. See online help for details.
D:\Program Files\Microsoft Visual Studio\source\雷霆战机\雷霆战机\雷霆战机.cpp(1384,9): warning C4996: 'sscanf': This function or variable may be unsafe. Consider using sscanf_s instead. To disable deprecation, use _CRT_SECURE_NO_WARNINGS. See online help for details.
D:\Program Files\Microsoft Visual Studio\source\雷霆战机\雷霆战机\雷霆战机.cpp(1389,9): warning C4996: 'sscanf': This function or variable may be unsafe. Consider using sscanf_s instead. To disable deprecation, use _CRT_SECURE_NO_WARNINGS. See online help for details.
D:\Program Files\Microsoft Visual Studio\source\雷霆战机\雷霆战机\雷霆战机.cpp(1394,9): warning C4996: 'sscanf': This function or variable may be unsafe. Consider using sscanf_s instead. To disable deprecation, use _CRT_SECURE_NO_WARNINGS. See online help for details.
D:\Program Files\Microsoft Visual Studio\source\雷霆战机\雷霆战机\雷霆战机.cpp(1399,9): warning C4996: 'sscanf': This function or variable may be unsafe. Consider using sscanf_s instead. To disable deprecation, use _CRT_SECURE_NO_WARNINGS. See online help for details.
D:\Program Files\Microsoft Visual Studio\source\雷霆战机\雷霆战机\雷霆战机.cpp(1406,7): warning C4996: 'sscanf': This function or variable may be unsafe. Consider using sscanf_s instead. To disable deprecation, use _CRT_SECURE_NO_WARNINGS. See online help for details.
D:\Program Files\Microsoft Visual Studio\source\雷霆战机\雷霆战机\雷霆战机.cpp(1418,10): warning C4996: 'sscanf': This function or variable may be unsafe. Consider using sscanf_s instead. To disable deprecation, use _CRT_SECURE_NO_WARNINGS. See online help for details.
D:\Program Files\Microsoft Visual Studio\source\雷霆战机\雷霆战机\雷霆战机.cpp(1423,10): warning C4996: 'sscanf': This function or variable may be unsafe. Consider using sscanf_s instead. To disable deprecation, use _CRT_SECURE_NO_WARNINGS. See online help for details.
D:\Program Files\Microsoft Visual Studio\source\雷霆战机\雷霆战机\雷霆战机.cpp(1428,10): warning C4996: 'sscanf': This function or variable may be unsafe. Consider using sscanf_s instead. To disable deprecation, use _CRT_SECURE_NO_WARNINGS. See online help for details.
D:\Program Files\Microsoft Visual Studio\source\雷霆战机\雷霆战机\雷霆战机.cpp(1433,10): warning C4996: 'sscanf': This function or variable may be unsafe. Consider using sscanf_s instead. To disable deprecation, use _CRT_SECURE_NO_WARNINGS. See online help for details.
D:\Program Files\Microsoft Visual Studio\source\雷霆战机\雷霆战机\雷霆战机.cpp(1438,10): warning C4996: 'sscanf': This function or variable may be unsafe. Consider using sscanf_s instead. To disable deprecation, use _CRT_SECURE_NO_WARNINGS. See online help for details.
D:\Program Files\Microsoft Visual Studio\source\雷霆战机\雷霆战机\雷霆战机.cpp(1446,7): warning C4996: 'sscanf': This function or variable may be unsafe. Consider using sscanf_s instead. To disable deprecation, use _CRT_SECURE_NO_WARNINGS. See online help for details.
D:\Program Files\Microsoft Visual Studio\source\雷霆战机\雷霆战机\雷霆战机.cpp(1456,9): warning C4996: 'sscanf': This function or variable may be unsafe. Consider using sscanf_s instead. To disable deprecation, use _CRT_SECURE_NO_WARNINGS. See online help for details.
D:\Program Files\Microsoft Visual Studio\source\雷霆战机\雷霆战机\雷霆战机.cpp(1461,9): warning C4996: 'sscanf': This function or variable may be unsafe. Consider using sscanf_s instead. To disable deprecation, use _CRT_SECURE_NO_WARNINGS. See online help for details.
D:\Program Files\Microsoft Visual Studio\source\雷霆战机\雷霆战机\雷霆战机.cpp(1466,9): warning C4996: 'sscanf': This function or variable may be unsafe. Consider using sscanf_s instead. To disable deprecation, use _CRT_SECURE_NO_WARNINGS. See online help for details.
D:\Program Files\Microsoft Visual Studio\source\雷霆战机\雷霆战机\雷霆战机.cpp(1471,9): warning C4996: 'sscanf': This function or variable may be unsafe. Consider using sscanf_s instead. To disable deprecation, use _CRT_SECURE_NO_WARNINGS. See online help for details.
D:\Program Files\Microsoft Visual Studio\source\雷霆战机\雷霆战机\雷霆战机.cpp(1476,9): warning C4996: 'sscanf': This function or variable may be unsafe. Consider using sscanf_s instead. To disable deprecation, use _CRT_SECURE_NO_WARNINGS. See online help for details.
D:\Program Files\Microsoft Visual Studio\source\雷霆战机\雷霆战机\雷霆战机.cpp(1483,7): warning C4996: 'sscanf': This function or variable may be unsafe. Consider using sscanf_s instead. To disable deprecation, use _CRT_SECURE_NO_WARNINGS. See online help for details.
D:\Program Files\Microsoft Visual Studio\source\雷霆战机\雷霆战机\雷霆战机.cpp(1493,9): warning C4996: 'sscanf': This function or variable may be unsafe. Consider using sscanf_s instead. To disable deprecation, use _CRT_SECURE_NO_WARNINGS. See online help for details.
D:\Program Files\Microsoft Visual Studio\source\雷霆战机\雷霆战机\雷霆战机.cpp(1498,9): warning C4996: 'sscanf': This function or variable may be unsafe. Consider using sscanf_s instead. To disable deprecation, use _CRT_SECURE_NO_WARNINGS. See online help for details.
D:\Program Files\Microsoft Visual Studio\source\雷霆战机\雷霆战机\雷霆战机.cpp(1503,9): warning C4996: 'sscanf': This function or variable may be unsafe. Consider using sscanf_s instead. To disable deprecation, use _CRT_SECURE_NO_WARNINGS. See online help for details.
D:\Program Files\Microsoft Visual Studio\source\雷霆战机\雷霆战机\雷霆战机.cpp(1510,7): warning C4996: 'sscanf': This function or variable may be unsafe. Consider using sscanf_s instead. To disable deprecation, use _CRT_SECURE_NO_WARNINGS. See online help for details.
D:\Program Files\Microsoft Visual Studio\source\雷霆战机\雷霆战机\雷霆战机.cpp(1520,9): warning C4996: 'sscanf': This function or variable may be unsafe. Consider using sscanf_s instead. To disable deprecation, use _CRT_SECURE_NO_WARNINGS. See online help for details.
D:\Program Files\Microsoft Visual Studio\source\雷霆战机\雷霆战机\雷霆战机.cpp(1525,9): warning C4996: 'sscanf': This function or variable may be unsafe. Consider using sscanf_s instead. To disable deprecation, use _CRT_SECURE_NO_WARNINGS. See online help for details.
D:\Program Files\Microsoft Visual Studio\source\雷霆战机\雷霆战机\雷霆战机.cpp(1530,9): warning C4996: 'sscanf': This function or variable may be unsafe. Consider using sscanf_s instead. To disable deprecation, use _CRT_SECURE_NO_WARNINGS. See online help for details.
D:\Program Files\Microsoft Visual Studio\source\雷霆战机\雷霆战机\雷霆战机.cpp(1537,7): warning C4996: 'sscanf': This function or variable may be unsafe. Consider using sscanf_s instead. To disable deprecation, use _CRT_SECURE_NO_WARNINGS. See online help for details.
D:\Program Files\Microsoft Visual Studio\source\雷霆战机\雷霆战机\雷霆战机.cpp(1543,8): warning C4996: 'sscanf': This function or variable may be unsafe. Consider using sscanf_s instead. To disable deprecation, use _CRT_SECURE_NO_WARNINGS. See online help for details.
D:\Program Files\Microsoft Visual Studio\source\雷霆战机\雷霆战机\雷霆战机.cpp(1548,8): warning C4996: 'sscanf': This function or variable may be unsafe. Consider using sscanf_s instead. To disable deprecation, use _CRT_SECURE_NO_WARNINGS. See online help for details.
D:\Program Files\Microsoft Visual Studio\source\雷霆战机\雷霆战机\雷霆战机.cpp(1553,8): warning C4996: 'sscanf': This function or variable may be unsafe. Consider using sscanf_s instead. To disable deprecation, use _CRT_SECURE_NO_WARNINGS. See online help for details.
D:\Program Files\Microsoft Visual Studio\source\雷霆战机\雷霆战机\雷霆战机.cpp(1558,8): warning C4996: 'sscanf': This function or variable may be unsafe. Consider using sscanf_s instead. To disable deprecation, use _CRT_SECURE_NO_WARNINGS. See online help for details.
D:\Program Files\Microsoft Visual Studio\source\雷霆战机\雷霆战机\雷霆战机.cpp(1563,8): warning C4996: 'sscanf': This function or variable may be unsafe. Consider using sscanf_s instead. To disable deprecation, use _CRT_SECURE_NO_WARNINGS. See online help for details.
D:\Program Files\Microsoft Visual Studio\source\雷霆战机\雷霆战机\雷霆战机.cpp(1568,8): warning C4996: 'sscanf': This function or variable may be unsafe. Consider using sscanf_s instead. To disable deprecation, use _CRT_SECURE_NO_WARNINGS. See online help for details.
D:\Program Files\Microsoft Visual Studio\source\雷霆战机\雷霆战机\雷霆战机.cpp(1573,8): warning C4996: 'sscanf': This function or variable may be unsafe. Consider using sscanf_s instead. To disable deprecation, use _CRT_SECURE_NO_WARNINGS. See online help for details.
D:\Program Files\Microsoft Visual Studio\source\雷霆战机\雷霆战机\雷霆战机.cpp(1575,4): warning C4996: 'strcpy': This function or variable may be unsafe. Consider using strcpy_s instead. To disable deprecation, use _CRT_SECURE_NO_WARNINGS. See online help for details.
D:\Program Files\Microsoft Visual Studio\source\雷霆战机\雷霆战机\雷霆战机.cpp(1578,8): warning C4996: 'sscanf': This function or variable may be unsafe. Consider using sscanf_s instead. To disable deprecation, use _CRT_SECURE_NO_WARNINGS. See online help for details.
D:\Program Files\Microsoft Visual Studio\source\雷霆战机\雷霆战机\雷霆战机.cpp(1583,8): warning C4996: 'sscanf': This function or variable may be unsafe. Consider using sscanf_s instead. To disable deprecation, use _CRT_SECURE_NO_WARNINGS. See online help for details.
D:\Program Files\Microsoft Visual Studio\source\雷霆战机\雷霆战机\雷霆战机.cpp(1592,13): warning C4996: 'fopen': This function or variable may be unsafe. Consider using fopen_s instead. To disable deprecation, use _CRT_SECURE_NO_WARNINGS. See online help for details.
D:\Program Files\Microsoft Visual Studio\source\雷霆战机\雷霆战机\雷霆战机.cpp(1595,43): warning C4996: 'strerror': This function or variable may be unsafe. Consider using strerror_s instead. To disable deprecation, use _CRT_SECURE_NO_WARNINGS. See online help for details.
D:\Program Files\Microsoft Visual Studio\source\雷霆战机\雷霆战机\雷霆战机.cpp(1768,13): warning C4996: 'fopen': This function or variable may be unsafe. Consider using fopen_s instead. To disable deprecation, use _CRT_SECURE_NO_WARNINGS. See online help for details.
D:\Program Files\Microsoft Visual Studio\source\雷霆战机\雷霆战机\雷霆战机.cpp(1771,43): warning C4996: 'strerror': This function or variable may be unsafe. Consider using strerror_s instead. To disable deprecation, use _CRT_SECURE_NO_WARNINGS. See online help for details.
D:\Program Files\Microsoft Visual Studio\source\雷霆战机\雷霆战机\雷霆战机.cpp(1787,8): warning C4996: 'sscanf': This function or variable may be unsafe. Consider using sscanf_s instead. To disable deprecation, use _CRT_SECURE_NO_WARNINGS. See online help for details.
D:\Program Files\Microsoft Visual Studio\source\雷霆战机\雷霆战机\雷霆战机.cpp(1789,4): warning C4996: 'strcpy': This function or variable may be unsafe. Consider using strcpy_s instead. To disable deprecation, use _CRT_SECURE_NO_WARNINGS. See online help for details.
D:\Program Files\Microsoft Visual Studio\source\雷霆战机\雷霆战机\雷霆战机.cpp(1797,13): warning C4996: 'fopen': This function or variable may be unsafe. Consider using fopen_s instead. To disable deprecation, use _CRT_SECURE_NO_WARNINGS. See online help for details.
D:\Program Files\Microsoft Visual Studio\source\雷霆战机\雷霆战机\雷霆战机.cpp(1800,43): warning C4996: 'strerror': This function or variable may be unsafe. Consider using strerror_s instead. To disable deprecation, use _CRT_SECURE_NO_WARNINGS. See online help for details.
D:\Program Files\Microsoft Visual Studio\source\雷霆战机\雷霆战机\雷霆战机.cpp(1818,2): warning C4996: 'strcpy': This function or variable may be unsafe. Consider using strcpy_s instead. To disable deprecation, use _CRT_SECURE_NO_WARNINGS. See online help for details.
D:\Program Files\Microsoft Visual Studio\source\雷霆战机\雷霆战机\雷霆战机.cpp(1832,3): warning C4996: 'strcpy': This function or variable may be unsafe. Consider using strcpy_s instead. To disable deprecation, use _CRT_SECURE_NO_WARNINGS. See online help for details.
D:\Program Files\Microsoft Visual Studio\source\雷霆战机\雷霆战机\雷霆战机.cpp(1833,3): warning C4996: 'strcpy': This function or variable may be unsafe. Consider using strcpy_s instead. To disable deprecation, use _CRT_SECURE_NO_WARNINGS. See online help for details.
D:\Program Files\Microsoft Visual Studio\source\雷霆战机\雷霆战机\雷霆战机.cpp(1834,3): warning C4996: 'strcpy': This function or variable may be unsafe. Consider using strcpy_s instead. To disable deprecation, use _CRT_SECURE_NO_WARNINGS. See online help for details.
D:\Program Files\Microsoft Visual Studio\source\雷霆战机\雷霆战机\雷霆战机.cpp(2012,9): warning C4477: “printf”: 格式字符串“%d”需要类型“int”的参数，但可变参数 1 拥有了类型“double”
D:\Program Files\Microsoft Visual Studio\source\雷霆战机\雷霆战机\雷霆战机.cpp(2054,2): warning C4996: 'sprintf': This function or variable may be unsafe. Consider using sprintf_s instead. To disable deprecation, use _CRT_SECURE_NO_WARNINGS. See online help for details.
D:\Program Files\Microsoft Visual Studio\source\雷霆战机\雷霆战机\雷霆战机.cpp(2096,55): warning C4244: “参数”: 从“double”转换到“int”，可能丢失数据
D:\Program Files\Microsoft Visual Studio\source\雷霆战机\雷霆战机\雷霆战机.cpp(2096,31): warning C4244: “参数”: 从“double”转换到“int”，可能丢失数据
D:\Program Files\Microsoft Visual Studio\source\雷霆战机\雷霆战机\雷霆战机.cpp(2100,55): warning C4244: “参数”: 从“double”转换到“int”，可能丢失数据
D:\Program Files\Microsoft Visual Studio\source\雷霆战机\雷霆战机\雷霆战机.cpp(2100,45): warning C4244: “参数”: 从“double”转换到“int”，可能丢失数据
D:\Program Files\Microsoft Visual Studio\source\雷霆战机\雷霆战机\雷霆战机.cpp(2105,56): warning C4244: “参数”: 从“double”转换到“int”，可能丢失数据
D:\Program Files\Microsoft Visual Studio\source\雷霆战机\雷霆战机\雷霆战机.cpp(2105,46): warning C4244: “参数”: 从“double”转换到“int”，可能丢失数据
D:\Program Files\Microsoft Visual Studio\source\雷霆战机\雷霆战机\雷霆战机.cpp(2115,45): warning C4244: “参数”: 从“double”转换到“int”，可能丢失数据
D:\Program Files\Microsoft Visual Studio\source\雷霆战机\雷霆战机\雷霆战机.cpp(2115,35): warning C4244: “参数”: 从“double”转换到“int”，可能丢失数据
D:\Program Files\Microsoft Visual Studio\source\雷霆战机\雷霆战机\雷霆战机.cpp(2129,61): warning C4244: “参数”: 从“double”转换到“int”，可能丢失数据
D:\Program Files\Microsoft Visual Studio\source\雷霆战机\雷霆战机\雷霆战机.cpp(2129,49): warning C4244: “参数”: 从“double”转换到“int”，可能丢失数据
D:\Program Files\Microsoft Visual Studio\source\雷霆战机\雷霆战机\雷霆战机.cpp(2135,64): warning C4244: “参数”: 从“double”转换到“int”，可能丢失数据
D:\Program Files\Microsoft Visual Studio\source\雷霆战机\雷霆战机\雷霆战机.cpp(2135,52): warning C4244: “参数”: 从“double”转换到“int”，可能丢失数据
D:\Program Files\Microsoft Visual Studio\source\雷霆战机\雷霆战机\雷霆战机.cpp(2163,90): warning C4244: “参数”: 从“double”转换到“int”，可能丢失数据
D:\Program Files\Microsoft Visual Studio\source\雷霆战机\雷霆战机\雷霆战机.cpp(2163,69): warning C4244: “参数”: 从“double”转换到“int”，可能丢失数据
D:\Program Files\Microsoft Visual Studio\source\雷霆战机\雷霆战机\雷霆战机.cpp(2171,46): warning C4244: “参数”: 从“double”转换到“int”，可能丢失数据
D:\Program Files\Microsoft Visual Studio\source\雷霆战机\雷霆战机\雷霆战机.cpp(2171,35): warning C4244: “参数”: 从“double”转换到“int”，可能丢失数据
D:\Program Files\Microsoft Visual Studio\source\雷霆战机\雷霆战机\雷霆战机.cpp(2181,53): warning C4244: “参数”: 从“double”转换到“int”，可能丢失数据
D:\Program Files\Microsoft Visual Studio\source\雷霆战机\雷霆战机\雷霆战机.cpp(2181,42): warning C4244: “参数”: 从“double”转换到“int”，可能丢失数据
D:\Program Files\Microsoft Visual Studio\source\雷霆战机\雷霆战机\雷霆战机.cpp(2187,53): warning C4244: “参数”: 从“double”转换到“int”，可能丢失数据
D:\Program Files\Microsoft Visual Studio\source\雷霆战机\雷霆战机\雷霆战机.cpp(2187,42): warning C4244: “参数”: 从“double”转换到“int”，可能丢失数据
D:\Program Files\Microsoft Visual Studio\source\雷霆战机\雷霆战机\雷霆战机.cpp(2193,53): warning C4244: “参数”: 从“double”转换到“int”，可能丢失数据
D:\Program Files\Microsoft Visual Studio\source\雷霆战机\雷霆战机\雷霆战机.cpp(2193,42): warning C4244: “参数”: 从“double”转换到“int”，可能丢失数据
D:\Program Files\Microsoft Visual Studio\source\雷霆战机\雷霆战机\雷霆战机.cpp(2210,71): warning C4244: “参数”: 从“double”转换到“int”，可能丢失数据
D:\Program Files\Microsoft Visual Studio\source\雷霆战机\雷霆战机\雷霆战机.cpp(2210,51): warning C4244: “参数”: 从“double”转换到“int”，可能丢失数据
D:\Program Files\Microsoft Visual Studio\source\雷霆战机\雷霆战机\雷霆战机.cpp(2217,55): warning C4244: “参数”: 从“double”转换到“int”，可能丢失数据
D:\Program Files\Microsoft Visual Studio\source\雷霆战机\雷霆战机\雷霆战机.cpp(2217,40): warning C4244: “参数”: 从“double”转换到“int”，可能丢失数据
D:\Program Files\Microsoft Visual Studio\source\雷霆战机\雷霆战机\雷霆战机.cpp(2223,109): warning C4244: “参数”: 从“double”转换到“int”，可能丢失数据
D:\Program Files\Microsoft Visual Studio\source\雷霆战机\雷霆战机\雷霆战机.cpp(2223,90): warning C4244: “参数”: 从“double”转换到“int”，可能丢失数据
D:\Program Files\Microsoft Visual Studio\source\雷霆战机\雷霆战机\雷霆战机.cpp(2230,64): warning C4244: “参数”: 从“double”转换到“int”，可能丢失数据
D:\Program Files\Microsoft Visual Studio\source\雷霆战机\雷霆战机\雷霆战机.cpp(2230,47): warning C4244: “参数”: 从“double”转换到“int”，可能丢失数据
D:\Program Files\Microsoft Visual Studio\source\雷霆战机\雷霆战机\雷霆战机.cpp(2234,52): warning C4244: “参数”: 从“double”转换到“int”，可能丢失数据
D:\Program Files\Microsoft Visual Studio\source\雷霆战机\雷霆战机\雷霆战机.cpp(2234,39): warning C4244: “参数”: 从“double”转换到“int”，可能丢失数据
D:\Program Files\Microsoft Visual Studio\source\雷霆战机\雷霆战机\雷霆战机.cpp(2242,2): warning C4996: 'sprintf': This function or variable may be unsafe. Consider using sprintf_s instead. To disable deprecation, use _CRT_SECURE_NO_WARNINGS. See online help for details.
D:\Program Files\Microsoft Visual Studio\source\雷霆战机\雷霆战机\雷霆战机.cpp(2245,2): warning C4996: 'sprintf': This function or variable may be unsafe. Consider using sprintf_s instead. To disable deprecation, use _CRT_SECURE_NO_WARNINGS. See online help for details.
D:\Program Files\Microsoft Visual Studio\source\雷霆战机\雷霆战机\雷霆战机.cpp(2418,3): warning C4996: 'sprintf': This function or variable may be unsafe. Consider using sprintf_s instead. To disable deprecation, use _CRT_SECURE_NO_WARNINGS. See online help for details.
D:\Program Files\Microsoft Visual Studio\source\雷霆战机\雷霆战机\雷霆战机.cpp(2438,13): warning C4996: 'fopen': This function or variable may be unsafe. Consider using fopen_s instead. To disable deprecation, use _CRT_SECURE_NO_WARNINGS. See online help for details.
D:\Program Files\Microsoft Visual Studio\source\雷霆战机\雷霆战机\雷霆战机.cpp(2441,43): warning C4996: 'strerror': This function or variable may be unsafe. Consider using strerror_s instead. To disable deprecation, use _CRT_SECURE_NO_WARNINGS. See online help for details.
D:\Program Files\Microsoft Visual Studio\source\雷霆战机\雷霆战机\雷霆战机.cpp(2470,2): warning C4996: 'strcpy': This function or variable may be unsafe. Consider using strcpy_s instead. To disable deprecation, use _CRT_SECURE_NO_WARNINGS. See online help for details.
  雷霆战机.vcxproj -> D:\Program Files\Microsoft Visual Studio\source\雷霆战机\x64\Debug\雷霆战机.exe
